빌드 시작: 2019-04-12 오후 8:08:59
     1>2 노드의 "c:\Users\박주예\documents\visual studio 2010\Projects\homework1\homework1\homework1.vcxproj" 프로젝트(build 대상)입니다.
     1>InitializeBuildStatus:
         "AlwaysCreate"이(가) 지정되었기 때문에 "Debug\homework1.unsuccessfulbuild"을(를) 만들고 있습니다.
       ClCompile:
         C:\Program Files (x86)\Microsoft Visual Studio 10.0\VC\bin\CL.exe /c /I"C:\Program Files (x86)\Microsoft Visual Studio 10.0\VC\include\gl" /ZI /nologo /W3 /WX- /Od /Oy- /D WIN32 /D _DEBUG /D _CONSOLE /D _UNICODE /D UNICODE /Gm /EHsc /RTC1 /MDd /GS /fp:precise /Zc:wchar_t /Zc:forScope /Fo"Debug\\" /Fd"Debug\vc100.pdb" /Gd /TP /analyze- /errorReport:prompt mmmm.cpp
         mmmm.cpp
       ManifestResourceCompile:
         모든 출력이 최신 상태입니다.
       Link:
         C:\Program Files (x86)\Microsoft Visual Studio 10.0\VC\bin\link.exe /ERRORREPORT:PROMPT /OUT:"c:\users\박주예\documents\visual studio 2010\Projects\homework1\Debug\homework1.exe" /INCREMENTAL /NOLOGO /LIBPATH:"C:\Program Files (x86)\Microsoft Visual Studio 10.0\VC\lib" glut32.lib kernel32.lib user32.lib gdi32.lib winspool.lib comdlg32.lib advapi32.lib shell32.lib ole32.lib oleaut32.lib uuid.lib odbc32.lib odbccp32.lib /MANIFEST /ManifestFile:"Debug\homework1.exe.intermediate.manifest" /MANIFESTUAC:"level='asInvoker' uiAccess='false'" /DEBUG /PDB:"c:\users\박주예\documents\visual studio 2010\Projects\homework1\Debug\homework1.pdb" /SUBSYSTEM:CONSOLE /TLBID:1 /DYNAMICBASE /NXCOMPAT /IMPLIB:"c:\users\박주예\documents\visual studio 2010\Projects\homework1\Debug\homework1.lib" /MACHINE:X86 Debug\homework1.exe.embed.manifest.res
         Debug\mmmm.obj
       Manifest:
         C:\Program Files (x86)\Microsoft SDKs\Windows\v7.0A\bin\mt.exe /nologo /verbose /out:"Debug\homework1.exe.embed.manifest" /manifest Debug\homework1.exe.intermediate.manifest
         모든 출력이 최신 상태입니다.
       LinkEmbedManifest:
         모든 출력이 최신 상태입니다.
         homework1.vcxproj -> c:\users\박주예\documents\visual studio 2010\Projects\homework1\Debug\homework1.exe
       FinalizeBuildStatus:
         "Debug\homework1.unsuccessfulbuild" 파일을 삭제하고 있습니다.
         "Debug\homework1.lastbuildstate"에 연결(touching)하고 있습니다.
     1>"c:\Users\박주예\documents\visual studio 2010\Projects\homework1\homework1\homework1.vcxproj" 프로젝트를 빌드했습니다(build 대상).

빌드했습니다.

경과 시간: 00:00:01.59
